# JRE version: OpenJDK Runtime Environment Microsoft-8035246 (17.0.8+7) (build 17.0.8+7-LTS)
# Java VM: OpenJDK 64-Bit Server VM Microsoft-8035246 (17.0.8+7-LTS, mixed mode, sharing, tiered, compressed oops, compressed class ptrs, g1 gc, windows-amd64)
GC Precious Log:
 CPUs: 8 total, 8 available
 Memory: 16198M
 Large Page Support: Disabled
 NUMA Support: Disabled
 Compressed Oops: Enabled (32-bit)
 Heap Region Size: 1M
 Heap Min Capacity: 8M
 Heap Initial Capacity: 254M
 Heap Max Capacity: 2G
 Pre-touch: Disabled
 Parallel Workers: 8
 Concurrent Workers: 2
 Concurrent Refinement Workers: 8
 Periodic GC: Disabled
Heap:
 garbage-first heap   total 316416K, used 234171K [0x0000000080000000, 0x0000000100000000)
  region size 1024K, 17 young (17408K), 4 survivors (4096K)
 Metaspace       used 108236K, committed 109504K, reserved 557056K
  class space    used 15017K, committed 15616K, reserved 425984K
GC Heap History (20 events):
Event: 22.693 GC heap before
{Heap before GC invocations=37 (full 0):
 garbage-first heap   total 316416K, used 251771K [0x0000000080000000, 0x0000000100000000)
  region size 1024K, 148 young (151552K), 6 survivors (6144K)
 Metaspace       used 91821K, committed 92800K, reserved 557056K
  class space    used 12938K, committed 13376K, reserved 425984K
}
Event: 22.716 GC heap after
{Heap after GC invocations=38 (full 0):
 garbage-first heap   total 316416K, used 133825K [0x0000000080000000, 0x0000000100000000)
  region size 1024K, 19 young (19456K), 19 survivors (19456K)
 Metaspace       used 91821K, committed 92800K, reserved 557056K
  class space    used 12938K, committed 13376K, reserved 425984K
}
Event: 24.277 GC heap before
{Heap before GC invocations=38 (full 0):
 garbage-first heap   total 316416K, used 243393K [0x0000000080000000, 0x0000000100000000)
  region size 1024K, 126 young (129024K), 19 survivors (19456K)
 Metaspace       used 97197K, committed 98304K, reserved 557056K
  class space    used 13682K, committed 14208K, reserved 425984K
}
Event: 24.298 GC heap after
{Heap after GC invocations=39 (full 0):
 garbage-first heap   total 316416K, used 143919K [0x0000000080000000, 0x0000000100000000)
  region size 1024K, 9 young (9216K), 9 survivors (9216K)
 Metaspace       used 97197K, committed 98304K, reserved 557056K
  class space    used 13682K, committed 14208K, reserved 425984K
}
Event: 25.461 GC heap before
{Heap before GC invocations=39 (full 0):
 garbage-first heap   total 316416K, used 249391K [0x0000000080000000, 0x0000000100000000)
  region size 1024K, 111 young (113664K), 9 survivors (9216K)
 Metaspace       used 97793K, committed 98944K, reserved 557056K
  class space    used 13748K, committed 14272K, reserved 425984K
}
Event: 25.475 GC heap after
{Heap after GC invocations=40 (full 0):
 garbage-first heap   total 316416K, used 160721K [0x0000000080000000, 0x0000000100000000)
  region size 1024K, 14 young (14336K), 14 survivors (14336K)
 Metaspace       used 97793K, committed 98944K, reserved 557056K
  class space    used 13748K, committed 14272K, reserved 425984K
}
Event: 26.991 GC heap before
{Heap before GC invocations=40 (full 0):
 garbage-first heap   total 316416K, used 251857K [0x0000000080000000, 0x0000000100000000)
  region size 1024K, 101 young (103424K), 14 survivors (14336K)
 Metaspace       used 101601K, committed 102848K, reserved 557056K
  class space    used 14266K, committed 14848K, reserved 425984K
}
Event: 27.015 GC heap after
{Heap after GC invocations=41 (full 0):
 garbage-first heap   total 316416K, used 181518K [0x0000000080000000, 0x0000000100000000)
  region size 1024K, 13 young (13312K), 13 survivors (13312K)
 Metaspace       used 101601K, committed 102848K, reserved 557056K
  class space    used 14266K, committed 14848K, reserved 425984K
}
Event: 28.267 GC heap before
{Heap before GC invocations=41 (full 0):
 garbage-first heap   total 316416K, used 253198K [0x0000000080000000, 0x0000000100000000)
  region size 1024K, 83 young (84992K), 13 survivors (13312K)
 Metaspace       used 104367K, committed 105600K, reserved 557056K
  class space    used 14600K, committed 15168K, reserved 425984K
}
Event: 28.292 GC heap after
{Heap after GC invocations=42 (full 0):
 garbage-first heap   total 316416K, used 190977K [0x0000000080000000, 0x0000000100000000)
  region size 1024K, 10 young (10240K), 10 survivors (10240K)
 Metaspace       used 104367K, committed 105600K, reserved 557056K
  class space    used 14600K, committed 15168K, reserved 425984K
}
Event: 29.133 GC heap before
{Heap before GC invocations=42 (full 0):
 garbage-first heap   total 316416K, used 257537K [0x0000000080000000, 0x0000000100000000)
  region size 1024K, 75 young (76800K), 10 survivors (10240K)
 Metaspace       used 104758K, committed 105984K, reserved 557056K
  class space    used 14619K, committed 15168K, reserved 425984K
}
Event: 29.155 GC heap after
{Heap after GC invocations=43 (full 0):
 garbage-first heap   total 316416K, used 198673K [0x0000000080000000, 0x0000000100000000)
  region size 1024K, 8 young (8192K), 8 survivors (8192K)
 Metaspace       used 104758K, committed 105984K, reserved 557056K
  class space    used 14619K, committed 15168K, reserved 425984K
}
Event: 30.051 GC heap before
{Heap before GC invocations=43 (full 0):
 garbage-first heap   total 316416K, used 264209K [0x0000000080000000, 0x0000000100000000)
  region size 1024K, 68 young (69632K), 8 survivors (8192K)
 Metaspace       used 107414K, committed 108736K, reserved 557056K
  class space    used 14918K, committed 15552K, reserved 425984K
}
Event: 30.072 GC heap after
{Heap after GC invocations=44 (full 0):
 garbage-first heap   total 316416K, used 206192K [0x0000000080000000, 0x0000000100000000)
  region size 1024K, 8 young (8192K), 8 survivors (8192K)
 Metaspace       used 107414K, committed 108736K, reserved 557056K
  class space    used 14918K, committed 15552K, reserved 425984K
}
Event: 30.802 GC heap before
{Heap before GC invocations=44 (full 0):
 garbage-first heap   total 316416K, used 261488K [0x0000000080000000, 0x0000000100000000)
  region size 1024K, 63 young (64512K), 8 survivors (8192K)
 Metaspace       used 108149K, committed 109440K, reserved 557056K
  class space    used 15015K, committed 15616K, reserved 425984K
}
Event: 30.814 GC heap after
{Heap after GC invocations=45 (full 0):
 garbage-first heap   total 316416K, used 209823K [0x0000000080000000, 0x0000000100000000)
  region size 1024K, 4 young (4096K), 4 survivors (4096K)
 Metaspace       used 108149K, committed 109440K, reserved 557056K
  class space    used 15015K, committed 15616K, reserved 425984K
}
Event: 31.208 GC heap before
{Heap before GC invocations=45 (full 0):
 garbage-first heap   total 316416K, used 265119K [0x0000000080000000, 0x0000000100000000)
  region size 1024K, 59 young (60416K), 4 survivors (4096K)
 Metaspace       used 108196K, committed 109504K, reserved 557056K
  class space    used 15016K, committed 15616K, reserved 425984K
}
Event: 31.220 GC heap after
{Heap after GC invocations=46 (full 0):
 garbage-first heap   total 316416K, used 215525K [0x0000000080000000, 0x0000000100000000)
  region size 1024K, 8 young (8192K), 8 survivors (8192K)
 Metaspace       used 108196K, committed 109504K, reserved 557056K
  class space    used 15016K, committed 15616K, reserved 425984K
}
Event: 31.774 GC heap before
{Heap before GC invocations=46 (full 0):
 garbage-first heap   total 316416K, used 266725K [0x0000000080000000, 0x0000000100000000)
  region size 1024K, 58 young (59392K), 8 survivors (8192K)
 Metaspace       used 108220K, committed 109504K, reserved 557056K
  class space    used 15017K, committed 15616K, reserved 425984K
}
Event: 31.781 GC heap after
{Heap after GC invocations=47 (full 0):
 garbage-first heap   total 316416K, used 217787K [0x0000000080000000, 0x0000000100000000)
  region size 1024K, 4 young (4096K), 4 survivors (4096K)
 Metaspace       used 108220K, committed 109504K, reserved 557056K
  class space    used 15017K, committed 15616K, reserved 425984K
}

